2016-05-24 16:27:07 DEBUG PathMatchingResourcePatternResolver:187 - Found Equinox FileLocator for OSGi bundle URL resolution
2016-05-24 16:27:07 DEBUG StandardEnvironment:109 - Adding [systemProperties] PropertySource with lowest search precedence
2016-05-24 16:27:07 DEBUG StandardEnvironment:109 - Adding [systemEnvironment] PropertySource with lowest search precedence
2016-05-24 16:27:07 DEBUG StandardEnvironment:127 - Initialized StandardEnvironment with PropertySources [systemProperties,systemEnvironment]
2016-05-24 16:27:07 INFO  ClassPathXmlApplicationContext:578 - Refreshing org.springframework.context.support.ClassPathXmlApplicationContext@15615099: startup date [Tue May 24 16:27:07 EEST 2016]; root of context hierarchy
2016-05-24 16:27:07 DEBUG StandardEnvironment:109 - Adding [systemProperties] PropertySource with lowest search precedence
2016-05-24 16:27:07 DEBUG StandardEnvironment:109 - Adding [systemEnvironment] PropertySource with lowest search precedence
2016-05-24 16:27:07 DEBUG StandardEnvironment:127 - Initialized StandardEnvironment with PropertySources [systemProperties,systemEnvironment]
2016-05-24 16:27:07 INFO  XmlBeanDefinitionReader:317 - Loading XML bean definitions from class path resource [application-context.xml]
2016-05-24 16:27:07 DEBUG DefaultDocumentLoader:73 - Using JAXP provider [com.sun.org.apache.xerces.internal.jaxp.DocumentBuilderFactoryImpl]
2016-05-24 16:27:07 DEBUG PluggableSchemaResolver:141 - Loading schema mappings from [META-INF/spring.schemas]
2016-05-24 16:27:07 DEBUG PluggableSchemaResolver:147 - Loaded schema mappings: {http://www.springframework.org/schema/cache/spring-cache-4.2.xsd=org/springframework/cache/config/spring-cache-4.2.xsd, http://www.springframework.org/schema/aop/spring-aop-4.1.xsd=org/springframework/aop/config/spring-aop-4.1.xsd, http://www.springframework.org/schema/context/spring-context-3.1.xsd=org/springframework/context/config/spring-context-3.1.xsd, http://www.springframework.org/schema/util/spring-util-3.0.xsd=org/springframework/beans/factory/xml/spring-util-3.0.xsd, http://www.springframework.org/schema/tool/spring-tool.xsd=org/springframework/beans/factory/xml/spring-tool-4.2.xsd, http://www.springframework.org/schema/aop/spring-aop-3.2.xsd=org/springframework/aop/config/spring-aop-3.2.xsd, http://www.springframework.org/schema/lang/spring-lang-4.1.xsd=org/springframework/scripting/config/spring-lang-4.1.xsd, http://www.springframework.org/schema/context/spring-context-4.0.xsd=org/springframework/context/config/spring-context-4.0.xsd, http://www.springframework.org/schema/beans/spring-beans-4.2.xsd=org/springframework/beans/factory/xml/spring-beans-4.2.xsd, http://www.springframework.org/schema/tool/spring-tool-4.1.xsd=org/springframework/beans/factory/xml/spring-tool-4.1.xsd, http://www.springframework.org/schema/lang/spring-lang-3.2.xsd=org/springframework/scripting/config/spring-lang-3.2.xsd, http://www.springframework.org/schema/cache/spring-cache-3.2.xsd=org/springframework/cache/config/spring-cache-3.2.xsd, http://www.springframework.org/schema/jee/spring-jee-4.1.xsd=org/springframework/ejb/config/spring-jee-4.1.xsd, http://www.springframework.org/schema/util/spring-util-2.0.xsd=org/springframework/beans/factory/xml/spring-util-2.0.xsd, http://www.springframework.org/schema/task/spring-task-4.2.xsd=org/springframework/scheduling/config/spring-task-4.2.xsd, http://www.springframework.org/schema/tool/spring-tool-3.2.xsd=org/springframework/beans/factory/xml/spring-tool-3.2.xsd, http://www.springframework.org/schema/context/spring-context.xsd=org/springframework/context/config/spring-context-4.2.xsd, http://www.springframework.org/schema/cache/spring-cache-4.1.xsd=org/springframework/cache/config/spring-cache-4.1.xsd, http://www.springframework.org/schema/aop/spring-aop-4.0.xsd=org/springframework/aop/config/spring-aop-4.0.xsd, http://www.springframework.org/schema/jee/spring-jee-3.2.xsd=org/springframework/ejb/config/spring-jee-3.2.xsd, http://www.springframework.org/schema/context/spring-context-3.0.xsd=org/springframework/context/config/spring-context-3.0.xsd, http://www.springframework.org/schema/util/spring-util-2.5.xsd=org/springframework/beans/factory/xml/spring-util-2.5.xsd, http://www.springframework.org/schema/beans/spring-beans-3.2.xsd=org/springframework/beans/factory/xml/spring-beans-3.2.xsd, http://www.springframework.org/schema/aop/spring-aop-3.1.xsd=org/springframework/aop/config/spring-aop-3.1.xsd, http://www.springframework.org/schema/lang/spring-lang-4.0.xsd=org/springframework/scripting/config/spring-lang-4.0.xsd, http://www.springframework.org/schema/beans/spring-beans-4.1.xsd=org/springframework/beans/factory/xml/spring-beans-4.1.xsd, http://www.springframework.org/schema/tool/spring-tool-4.0.xsd=org/springframework/beans/factory/xml/spring-tool-4.0.xsd, http://www.springframework.org/schema/lang/spring-lang-3.1.xsd=org/springframework/scripting/config/spring-lang-3.1.xsd, http://www.springframework.org/schema/cache/spring-cache-3.1.xsd=org/springframework/cache/config/spring-cache-3.1.xsd, http://www.springframework.org/schema/jee/spring-jee-4.0.xsd=org/springframework/ejb/config/spring-jee-4.0.xsd, http://www.springframework.org/schema/task/spring-task-4.1.xsd=org/springframework/scheduling/config/spring-task-4.1.xsd, http://www.springframework.org/schema/tool/spring-tool-3.1.xsd=org/springframework/beans/factory/xml/spring-tool-3.1.xsd, http://www.springframework.org/schema/cache/spring-cache-4.0.xsd=org/springframework/cache/config/spring-cache-4.0.xsd, http://www.springframework.org/schema/jee/spring-jee-3.1.xsd=org/springframework/ejb/config/spring-jee-3.1.xsd, http://www.springframework.org/schema/util/spring-util-4.2.xsd=org/springframework/beans/factory/xml/spring-util-4.2.xsd, http://www.springframework.org/schema/task/spring-task-3.2.xsd=org/springframework/scheduling/config/spring-task-3.2.xsd, http://www.springframework.org/schema/beans/spring-beans-3.1.xsd=org/springframework/beans/factory/xml/spring-beans-3.1.xsd, http://www.springframework.org/schema/util/spring-util.xsd=org/springframework/beans/factory/xml/spring-util-4.2.xsd, http://www.springframework.org/schema/aop/spring-aop-3.0.xsd=org/springframework/aop/config/spring-aop-3.0.xsd, http://www.springframework.org/schema/beans/spring-beans-4.0.xsd=org/springframework/beans/factory/xml/spring-beans-4.0.xsd, http://www.springframework.org/schema/beans/spring-beans.xsd=org/springframework/beans/factory/xml/spring-beans-4.2.xsd, http://www.springframework.org/schema/lang/spring-lang-3.0.xsd=org/springframework/scripting/config/spring-lang-3.0.xsd, http://www.springframework.org/schema/context/spring-context-2.5.xsd=org/springframework/context/config/spring-context-2.5.xsd, http://www.springframework.org/schema/task/spring-task-4.0.xsd=org/springframework/scheduling/config/spring-task-4.0.xsd, http://www.springframework.org/schema/tool/spring-tool-3.0.xsd=org/springframework/beans/factory/xml/spring-tool-3.0.xsd, http://www.springframework.org/schema/aop/spring-aop-2.0.xsd=org/springframework/aop/config/spring-aop-2.0.xsd, http://www.springframework.org/schema/jee/spring-jee-3.0.xsd=org/springframework/ejb/config/spring-jee-3.0.xsd, http://www.springframework.org/schema/util/spring-util-4.1.xsd=org/springframework/beans/factory/xml/spring-util-4.1.xsd, http://www.springframework.org/schema/task/spring-task-3.1.xsd=org/springframework/scheduling/config/spring-task-3.1.xsd, http://www.springframework.org/schema/beans/spring-beans-3.0.xsd=org/springframework/beans/factory/xml/spring-beans-3.0.xsd, http://www.springframework.org/schema/jee/spring-jee.xsd=org/springframework/ejb/config/spring-jee-4.2.xsd, http://www.springframework.org/schema/aop/spring-aop-2.5.xsd=org/springframework/aop/config/spring-aop-2.5.xsd, http://www.springframework.org/schema/lang/spring-lang-2.0.xsd=org/springframework/scripting/config/spring-lang-2.0.xsd, http://www.springframework.org/schema/util/spring-util-3.2.xsd=org/springframework/beans/factory/xml/spring-util-3.2.xsd, http://www.springframework.org/schema/task/spring-task.xsd=org/springframework/scheduling/config/spring-task-4.2.xsd, http://www.springframework.org/schema/tool/spring-tool-2.0.xsd=org/springframework/beans/factory/xml/spring-tool-2.0.xsd, http://www.springframework.org/schema/lang/spring-lang-2.5.xsd=org/springframework/scripting/config/spring-lang-2.5.xsd, http://www.springframework.org/schema/context/spring-context-4.2.xsd=org/springframework/context/config/spring-context-4.2.xsd, http://www.springframework.org/schema/jee/spring-jee-2.0.xsd=org/springframework/ejb/config/spring-jee-2.0.xsd, http://www.springframework.org/schema/tool/spring-tool-2.5.xsd=org/springframework/beans/factory/xml/spring-tool-2.5.xsd, http://www.springframework.org/schema/jee/spring-jee-2.5.xsd=org/springframework/ejb/config/spring-jee-2.5.xsd, http://www.springframework.org/schema/util/spring-util-4.0.xsd=org/springframework/beans/factory/xml/spring-util-4.0.xsd, http://www.springframework.org/schema/task/spring-task-3.0.xsd=org/springframework/scheduling/config/spring-task-3.0.xsd, http://www.springframework.org/schema/aop/spring-aop-4.2.xsd=org/springframework/aop/config/spring-aop-4.2.xsd, http://www.springframework.org/schema/lang/spring-lang.xsd=org/springframework/scripting/config/spring-lang-4.2.xsd, http://www.springframework.org/schema/context/spring-context-3.2.xsd=org/springframework/context/config/spring-context-3.2.xsd, http://www.springframework.org/schema/util/spring-util-3.1.xsd=org/springframework/beans/factory/xml/spring-util-3.1.xsd, http://www.springframework.org/schema/beans/spring-beans-2.0.xsd=org/springframework/beans/factory/xml/spring-beans-2.0.xsd, http://www.springframework.org/schema/cache/spring-cache.xsd=org/springframework/cache/config/spring-cache-4.2.xsd, http://www.springframework.org/schema/lang/spring-lang-4.2.xsd=org/springframework/scripting/config/spring-lang-4.2.xsd, http://www.springframework.org/schema/context/spring-context-4.1.xsd=org/springframework/context/config/spring-context-4.1.xsd, http://www.springframework.org/schema/beans/spring-beans-2.5.xsd=org/springframework/beans/factory/xml/spring-beans-2.5.xsd, http://www.springframework.org/schema/tool/spring-tool-4.2.xsd=org/springframework/beans/factory/xml/spring-tool-4.2.xsd, http://www.springframework.org/schema/jee/spring-jee-4.2.xsd=org/springframework/ejb/config/spring-jee-4.2.xsd, http://www.springframework.org/schema/aop/spring-aop.xsd=org/springframework/aop/config/spring-aop-4.2.xsd}
2016-05-24 16:27:07 DEBUG PluggableSchemaResolver:119 - Found XML schema [http://www.springframework.org/schema/beans/spring-beans-2.0.xsd] in classpath: org/springframework/beans/factory/xml/spring-beans-2.0.xsd
2016-05-24 16:27:07 DEBUG DefaultBeanDefinitionDocumentReader:92 - Loading bean definitions
2016-05-24 16:27:07 DEBUG BeanDefinitionParserDelegate:481 - Neither XML 'id' nor 'name' specified - using generated bean name [org.springframework.aop.framework.autoproxy.BeanNameAutoProxyCreator#0]
2016-05-24 16:27:07 DEBUG XmlBeanDefinitionReader:224 - Loaded 3 bean definitions from location pattern [application-context.xml]
2016-05-24 16:27:07 INFO  XmlBeanDefinitionReader:317 - Loading XML bean definitions from class path resource [aop-context.xml]
2016-05-24 16:27:07 DEBUG DefaultDocumentLoader:73 - Using JAXP provider [com.sun.org.apache.xerces.internal.jaxp.DocumentBuilderFactoryImpl]
2016-05-24 16:27:07 DEBUG PluggableSchemaResolver:119 - Found XML schema [http://www.springframework.org/schema/beans/spring-beans-2.0.xsd] in classpath: org/springframework/beans/factory/xml/spring-beans-2.0.xsd
2016-05-24 16:27:07 DEBUG DefaultBeanDefinitionDocumentReader:92 - Loading bean definitions
2016-05-24 16:27:07 DEBUG XmlBeanDefinitionReader:224 - Loaded 0 bean definitions from location pattern [aop-context.xml]
2016-05-24 16:27:07 DEBUG ClassPathXmlApplicationContext:612 - Bean factory for org.springframework.context.support.ClassPathXmlApplicationContext@15615099: org.springframework.beans.factory.support.DefaultListableBeanFactory@4678c730: defining beans [bootstrap,logAspect,org.springframework.aop.framework.autoproxy.BeanNameAutoProxyCreator#0]; root of factory hierarchy
2016-05-24 16:27:07 DEBUG DefaultListableBeanFactory:221 - Creating shared instance of singleton bean 'org.springframework.aop.framework.autoproxy.BeanNameAutoProxyCreator#0'
2016-05-24 16:27:07 DEBUG DefaultListableBeanFactory:448 - Creating instance of bean 'org.springframework.aop.framework.autoproxy.BeanNameAutoProxyCreator#0'
2016-05-24 16:27:07 DEBUG DefaultListableBeanFactory:529 - Eagerly caching bean 'org.springframework.aop.framework.autoproxy.BeanNameAutoProxyCreator#0' to allow for resolving potential circular references
2016-05-24 16:27:08 DEBUG DefaultListableBeanFactory:484 - Finished creating instance of bean 'org.springframework.aop.framework.autoproxy.BeanNameAutoProxyCreator#0'
2016-05-24 16:27:08 DEBUG ClassPathXmlApplicationContext:718 - Unable to locate MessageSource with name 'messageSource': using default [org.springframework.context.support.DelegatingMessageSource@1a8a8f7c]
2016-05-24 16:27:08 DEBUG ClassPathXmlApplicationContext:742 - Unable to locate ApplicationEventMulticaster with name 'applicationEventMulticaster': using default [org.springframework.context.event.SimpleApplicationEventMulticaster@27808f31]
2016-05-24 16:27:08 DEBUG DefaultListableBeanFactory:741 - Pre-instantiating singletons in org.springframework.beans.factory.support.DefaultListableBeanFactory@4678c730: defining beans [bootstrap,logAspect,org.springframework.aop.framework.autoproxy.BeanNameAutoProxyCreator#0]; root of factory hierarchy
2016-05-24 16:27:08 DEBUG DefaultListableBeanFactory:221 - Creating shared instance of singleton bean 'bootstrap'
2016-05-24 16:27:08 DEBUG DefaultListableBeanFactory:448 - Creating instance of bean 'bootstrap'
2016-05-24 16:27:08 DEBUG DefaultListableBeanFactory:529 - Eagerly caching bean 'bootstrap' to allow for resolving potential circular references
2016-05-24 16:27:08 DEBUG DefaultListableBeanFactory:221 - Creating shared instance of singleton bean 'logAspect'
2016-05-24 16:27:08 DEBUG DefaultListableBeanFactory:448 - Creating instance of bean 'logAspect'
2016-05-24 16:27:08 DEBUG DefaultListableBeanFactory:529 - Eagerly caching bean 'logAspect' to allow for resolving potential circular references
2016-05-24 16:27:08 DEBUG DefaultListableBeanFactory:484 - Finished creating instance of bean 'logAspect'
2016-05-24 16:27:08 DEBUG BeanNameAutoProxyCreator:526 - Creating implicit proxy for bean 'bootstrap' with 1 common interceptors and 0 specific interceptors
2016-05-24 16:27:08 DEBUG CglibAopProxy:159 - Creating CGLIB proxy: target source is SingletonTargetSource for target object [UpdateCalculator@51c8530f]
2016-05-24 16:27:08 DEBUG CglibAopProxy:833 - Unable to apply any optimisations to advised method: public void UpdateCalculator.execute()
2016-05-24 16:27:08 DEBUG CglibAopProxy:785 - Found finalize() method - using NO_OVERRIDE
2016-05-24 16:27:08 DEBUG CglibAopProxy:797 - Found 'equals' method: public boolean java.lang.Object.equals(java.lang.Object)
2016-05-24 16:27:08 DEBUG CglibAopProxy:833 - Unable to apply any optimisations to advised method: public java.lang.String java.lang.Object.toString()
2016-05-24 16:27:08 DEBUG CglibAopProxy:802 - Found 'hashCode' method: public native int java.lang.Object.hashCode()
2016-05-24 16:27:08 DEBUG CglibAopProxy:833 - Unable to apply any optimisations to advised method: protected native java.lang.Object java.lang.Object.clone() throws java.lang.CloneNotSupportedException
2016-05-24 16:27:08 DEBUG CglibAopProxy:791 - Method is declared on Advised interface: public abstract int org.springframework.aop.framework.Advised.indexOf(org.springframework.aop.Advisor)
2016-05-24 16:27:08 DEBUG CglibAopProxy:791 - Method is declared on Advised interface: public abstract int org.springframework.aop.framework.Advised.indexOf(org.aopalliance.aop.Advice)
2016-05-24 16:27:08 DEBUG CglibAopProxy:791 - Method is declared on Advised interface: public abstract boolean org.springframework.aop.framework.Advised.isFrozen()
2016-05-24 16:27:08 DEBUG CglibAopProxy:791 - Method is declared on Advised interface: public abstract boolean org.springframework.aop.framework.Advised.isProxyTargetClass()
2016-05-24 16:27:08 DEBUG CglibAopProxy:791 - Method is declared on Advised interface: public abstract org.springframework.aop.TargetSource org.springframework.aop.framework.Advised.getTargetSource()
2016-05-24 16:27:08 DEBUG CglibAopProxy:791 - Method is declared on Advised interface: public abstract void org.springframework.aop.framework.Advised.addAdvisor(int,org.springframework.aop.Advisor) throws org.springframework.aop.framework.AopConfigException
2016-05-24 16:27:08 DEBUG CglibAopProxy:791 - Method is declared on Advised interface: public abstract void org.springframework.aop.framework.Advised.addAdvisor(org.springframework.aop.Advisor) throws org.springframework.aop.framework.AopConfigException
2016-05-24 16:27:08 DEBUG CglibAopProxy:791 - Method is declared on Advised interface: public abstract void org.springframework.aop.framework.Advised.setTargetSource(org.springframework.aop.TargetSource)
2016-05-24 16:27:08 DEBUG CglibAopProxy:791 - Method is declared on Advised interface: public abstract void org.springframework.aop.framework.Advised.setPreFiltered(boolean)
2016-05-24 16:27:08 DEBUG CglibAopProxy:791 - Method is declared on Advised interface: public abstract void org.springframework.aop.framework.Advised.setExposeProxy(boolean)
2016-05-24 16:27:08 DEBUG CglibAopProxy:791 - Method is declared on Advised interface: public abstract boolean org.springframework.aop.framework.Advised.isExposeProxy()
2016-05-24 16:27:08 DEBUG CglibAopProxy:791 - Method is declared on Advised interface: public abstract void org.springframework.aop.framework.Advised.addAdvice(org.aopalliance.aop.Advice) throws org.springframework.aop.framework.AopConfigException
2016-05-24 16:27:08 DEBUG CglibAopProxy:791 - Method is declared on Advised interface: public abstract void org.springframework.aop.framework.Advised.addAdvice(int,org.aopalliance.aop.Advice) throws org.springframework.aop.framework.AopConfigException
2016-05-24 16:27:08 DEBUG CglibAopProxy:791 - Method is declared on Advised interface: public abstract boolean org.springframework.aop.framework.Advised.isPreFiltered()
2016-05-24 16:27:08 DEBUG CglibAopProxy:791 - Method is declared on Advised interface: public abstract org.springframework.aop.Advisor[] org.springframework.aop.framework.Advised.getAdvisors()
2016-05-24 16:27:08 DEBUG CglibAopProxy:791 - Method is declared on Advised interface: public abstract void org.springframework.aop.framework.Advised.removeAdvisor(int) throws org.springframework.aop.framework.AopConfigException
2016-05-24 16:27:08 DEBUG CglibAopProxy:791 - Method is declared on Advised interface: public abstract boolean org.springframework.aop.framework.Advised.removeAdvisor(org.springframework.aop.Advisor)
2016-05-24 16:27:08 DEBUG CglibAopProxy:791 - Method is declared on Advised interface: public abstract boolean org.springframework.aop.framework.Advised.replaceAdvisor(org.springframework.aop.Advisor,org.springframework.aop.Advisor) throws org.springframework.aop.framework.AopConfigException
2016-05-24 16:27:08 DEBUG CglibAopProxy:791 - Method is declared on Advised interface: public abstract boolean org.springframework.aop.framework.Advised.removeAdvice(org.aopalliance.aop.Advice)
2016-05-24 16:27:08 DEBUG CglibAopProxy:791 - Method is declared on Advised interface: public abstract java.lang.Class[] org.springframework.aop.framework.Advised.getProxiedInterfaces()
2016-05-24 16:27:08 DEBUG CglibAopProxy:791 - Method is declared on Advised interface: public abstract boolean org.springframework.aop.framework.Advised.isInterfaceProxied(java.lang.Class)
2016-05-24 16:27:08 DEBUG CglibAopProxy:791 - Method is declared on Advised interface: public abstract java.lang.String org.springframework.aop.framework.Advised.toProxyConfigString()
2016-05-24 16:27:08 DEBUG CglibAopProxy:791 - Method is declared on Advised interface: public abstract java.lang.Class org.springframework.aop.TargetClassAware.getTargetClass()
2016-05-24 16:27:08 DEBUG DefaultListableBeanFactory:484 - Finished creating instance of bean 'bootstrap'
2016-05-24 16:27:08 DEBUG DefaultListableBeanFactory:251 - Returning cached instance of singleton bean 'logAspect'
2016-05-24 16:27:08 DEBUG DefaultListableBeanFactory:251 - Returning cached instance of singleton bean 'org.springframework.aop.framework.autoproxy.BeanNameAutoProxyCreator#0'
2016-05-24 16:27:08 DEBUG ClassPathXmlApplicationContext:769 - Unable to locate LifecycleProcessor with name 'lifecycleProcessor': using default [org.springframework.context.support.DefaultLifecycleProcessor@4461c7e3]
2016-05-24 16:27:08 DEBUG DefaultListableBeanFactory:251 - Returning cached instance of singleton bean 'lifecycleProcessor'
2016-05-24 16:27:08 DEBUG PropertySourcesPropertyResolver:81 - Searching for key 'spring.liveBeansView.mbeanDomain' in [systemProperties]
2016-05-24 16:27:08 DEBUG PropertySourcesPropertyResolver:81 - Searching for key 'spring.liveBeansView.mbeanDomain' in [systemEnvironment]
2016-05-24 16:27:08 DEBUG PropertySourcesPropertyResolver:103 - Could not find key 'spring.liveBeansView.mbeanDomain' in any property source. Returning [null]
2016-05-24 16:27:08 DEBUG DefaultListableBeanFactory:251 - Returning cached instance of singleton bean 'bootstrap'
2016-05-24 16:27:08 INFO  CalculatorLog:13 - Before execution execute
2016-05-24 16:27:12 INFO  CalculatorLog:15 - After execution execute
